2017-04-12 11:14:01,825 - os.name - Linux
2017-04-12 11:14:01,826 - os.arch - amd64
2017-04-12 11:14:01,826 - os.version - 3.16.0-4-amd64
2017-04-12 11:14:01,826 - java.version - 1.8.0_111
2017-04-12 11:14:01,826 - java.vendor - Oracle Corporation
2017-04-12 11:14:01,826 - java.vendor.url - http://java.oracle.com/
2017-04-12 11:14:01,826 - java.home - /usr/lib/jvm/java-8-openjdk-amd64/jre
2017-04-12 11:14:01,826 - java.vm.specification.name - Java Virtual Machine Specification
2017-04-12 11:14:01,826 - java.vm.specification.vendor - Oracle Corporation
2017-04-12 11:14:01,826 - java.vm.specification.version - 1.8
2017-04-12 11:14:01,826 - java.class.path - /ark/linux64/eclipse64/eclipse-neon//plugins/org.eclipse.equinox.launcher_1.3.201.v20161025-1711.jar
2017-04-12 11:14:01,826 - java.library.path - /usr/java/packages/lib/amd64:/usr/lib/x86_64-linux-gnu/jni:/lib/x86_64-linux-gnu:/usr/lib/x86_64-linux-gnu:/usr/lib/jni:/lib:/usr/lib
2017-04-12 11:14:01,826 - --------------------------------------
2017-04-12 11:14:01,826 - ## Eclipse Plug-ins Log Information ##
2017-04-12 11:14:01,826 - --------------------------------------
2017-04-12 11:14:01,846 - javax.el - 2.2.0.v201303151357
2017-04-12 11:14:01,856 - javax.servlet - 3.1.0.v201410161800
2017-04-12 11:14:01,859 - javax.servlet.jsp - 2.2.0.v201112011158
2017-04-12 11:14:01,871 - com.sun.el - 2.2.0.v201303151357
2017-04-12 11:14:01,871 - org.apache.commons.logging - 1.1.1.v201101211721
2017-04-12 11:14:01,876 - org.apache.jasper.glassfish - 2.2.2.v201501141630
2017-04-12 11:14:01,904 - org.apache.lucene.analysis - 3.5.0.v20120725-1805
2017-04-12 11:14:01,905 - org.apache.lucene.core - 3.5.0.v20120725-1805
2017-04-12 11:14:01,906 - org.eclipse.equinox.http.jetty - 3.3.0.v20160324-1850
2017-04-12 11:14:01,910 - org.eclipse.equinox.http.registry - 1.1.400.v20150715-1528
2017-04-12 11:14:01,914 - org.eclipse.equinox.http.servlet - 1.3.1.v20160808-1329
2017-04-12 11:14:01,916 - org.eclipse.equinox.jsp.jasper - 1.0.500.v20150119-1358
2017-04-12 11:14:01,918 - org.eclipse.equinox.jsp.jasper.registry - 1.0.300.v20130327-1442
2017-04-12 11:14:01,918 - org.eclipse.help.base - 4.1.1.v20161124-1400
2017-04-12 11:14:01,919 - org.eclipse.help.ui - 4.0.200.v20160510-0758
2017-04-12 11:14:01,930 - org.eclipse.help.webapp - 3.8.0.v20160504-0839
2017-04-12 11:14:01,932 - org.eclipse.jetty.continuation - 9.3.9.v20160517
2017-04-12 11:14:01,957 - org.eclipse.jetty.http - 9.3.9.v20160517
2017-04-12 11:14:01,961 - org.eclipse.jetty.io - 9.3.9.v20160517
2017-04-12 11:14:01,963 - org.eclipse.jetty.security - 9.3.9.v20160517
2017-04-12 11:14:01,974 - org.eclipse.jetty.server - 9.3.9.v20160517
2017-04-12 11:14:01,977 - org.eclipse.jetty.servlet - 9.3.9.v20160517
2017-04-12 11:14:01,997 - org.eclipse.jetty.util - 9.3.9.v20160517
2017-04-12 11:14:02,001 - org.eclipse.core.net - 1.3.0.v20160418-1534
2017-04-12 11:14:02,003 - org.eclipse.equinox.security - 1.2.200.v20150715-1528
2017-04-12 11:14:02,016 - org.eclipse.mylyn.bugzilla.core - 3.21.0.v20160909-1813
2017-04-12 11:14:02,016 - org.eclipse.mylyn.bugzilla.ui - 3.21.0.v20160909-1813
2017-04-12 11:14:02,020 - org.eclipse.andmore.hierarchyviewer - 0.5.0.201605181018
2017-04-12 11:14:02,025 - org.eclipse.sequoyah.device.backward - 2.1.0.N20120718-0509
2017-04-12 11:14:02,025 - org.eclipse.sequoyah.device.framework - 2.1.0.N20120718-0509
2017-04-12 11:14:02,026 - org.eclipse.sequoyah.device.framework.ui - 2.1.0.N20120718-0509
2017-04-12 11:14:02,030 - org.eclipse.sequoyah.device.service.start - 2.1.0.N20120718-0509
2017-04-12 11:14:02,032 - org.eclipse.sequoyah.device.service.stop - 2.1.0.N20120718-0509
2017-04-12 11:14:02,034 - org.eclipse.sequoyah.device.framework.wizard - 2.1.0.N20120718-0509
2017-04-12 11:14:02,038 - org.eclipse.buildship.core - 1.0.21.v20161010-1640
2017-04-12 11:14:02,038 - org.eclipse.buildship.ui - 1.0.21.v20161010-1640
2017-04-12 11:14:02,039 - org.eclipse.buildship.branding - 1.0.21.v20161010-1640
2017-04-12 11:14:02,041 - org.eclipse.buildship.stsmigration - 1.0.21.v20161010-1640
2017-04-12 11:14:02,044 - org.eclipse.mylyn.tasks.core - 3.21.0.v20160914-0252
2017-04-12 11:14:02,045 - org.eclipse.mylyn.tasks.index.core - 3.21.0.v20160630-2019
2017-04-12 11:14:02,045 - org.eclipse.mylyn.tasks.index.ui - 3.21.0.v20160630-2019
2017-04-12 11:14:02,046 - org.eclipse.mylyn.tasks.search - 3.21.0.v20160630-2019
2017-04-12 11:14:02,047 - org.eclipse.mylyn.tasks.ui - 3.21.0.v20160913-2131
2017-04-12 11:14:02,058 - org.eclipse.egit.core - 4.4.1.201607150455-r
2017-04-12 11:14:02,058 - org.eclipse.egit.ui - 4.4.1.201607150455-r
2017-04-12 11:14:02,061 - org.eclipse.egit - 4.4.1.201607150455-r
2017-04-12 11:14:02,077 - org.eclipse.egit.doc - 4.4.1.201607150455-r
2017-04-12 11:14:02,088 - org.eclipse.aether.maven - 3.1.0.v20140706-2237
2017-04-12 11:14:02,093 - org.eclipse.gef - 3.11.0.201606061308
2017-04-12 11:14:02,099 - org.eclipse.mylyn.commons.identity.core - 1.13.0.v20160630-1702
2017-04-12 11:14:02,107 - org.eclipse.oomph.p2 - 1.6.0.v20161019-0656
2017-04-12 11:14:02,108 - org.eclipse.oomph.p2.core - 1.6.0.v20161111-1110
2017-04-12 11:14:02,109 - org.eclipse.oomph.p2.edit - 1.6.0.v20161019-0656
2017-04-12 11:14:02,109 - org.eclipse.oomph.p2.ui - 1.6.0.v20161128-0924
2017-04-12 11:14:02,115 - org.eclipse.oomph.p2.doc - 1.6.0.v20161019-0656
2017-04-12 11:14:02,137 - org.eclipse.datatools.enablement.sqlite - 1.1.0.201603142002
2017-04-12 11:14:02,140 - org.eclipse.datatools.enablement.sqlite.dbdefinition - 1.1.0.201603142002
2017-04-12 11:14:02,142 - org.eclipse.datatools.enablement.sqlite.ui - 1.1.0.201603142002
2017-04-12 11:14:02,143 - org.eclipse.datatools.enablement.finfo - 1.6.0.201603142002
2017-04-12 11:14:02,152 - org.eclipse.emf.codegen.ui - 2.6.0.v20160526-0356
2017-04-12 11:14:02,166 - org.eclipse.mylyn.commons.notifications.core - 1.13.0.v20160630-1702
2017-04-12 11:14:02,167 - org.eclipse.mylyn.commons.notifications.feed - 1.13.0.v20160721-2347
2017-04-12 11:14:02,167 - org.eclipse.mylyn.commons.notifications.ui - 1.13.0.v20160630-1702
2017-04-12 11:14:02,171 - org.eclipse.emf.converter - 2.7.0.v20160526-0356
2017-04-12 11:14:02,173 - org.eclipse.emf.importer - 2.9.0.v20160526-0356
2017-04-12 11:14:02,175 - org.eclipse.emf.exporter - 2.7.0.v20160526-0356
2017-04-12 11:14:02,180 - org.eclipse.emf.importer.ecore - 2.8.0.v20160526-0356
2017-04-12 11:14:02,182 - org.eclipse.emf.importer.java - 2.7.0.v20160526-0356
2017-04-12 11:14:02,185 - org.eclipse.emf.importer.rose - 2.8.0.v20160526-0356
2017-04-12 11:14:02,191 - org.eclipse.emf.edit.ui - 2.12.0.v20160526-0356
2017-04-12 11:14:02,195 - org.eclipse.help - 3.7.0.v20160602-1307
2017-04-12 11:14:02,196 - org.eclipse.ui - 3.108.1.v20160929-1045
2017-04-12 11:14:02,196 - org.eclipse.ui.workbench - 3.108.2.v20161025-2029
2017-04-12 11:14:02,196 - org.eclipse.update.configurator - 3.3.400.v20160506-0750
2017-04-12 11:14:02,196 - org.eclipse.rcp - 4.6.2.v20161124-1400
2017-04-12 11:14:02,205 - org.eclipse.recommenders.rcp - 2.4.5.v20161130-1427
2017-04-12 11:14:02,207 - org.eclipse.recommenders.apidocs - 2.4.5.v20161130-1427
2017-04-12 11:14:02,208 - org.eclipse.recommenders.apidocs.rcp - 2.4.5.v20161130-1427
2017-04-12 11:14:02,210 - org.eclipse.recommenders.calls - 2.4.5.v20161130-1427
2017-04-12 11:14:02,211 - org.eclipse.recommenders.calls.rcp - 2.4.5.v20161130-1427
2017-04-12 11:14:02,211 - org.eclipse.recommenders.chain.rcp - 2.4.5.v20161130-1427
2017-04-12 11:14:02,211 - org.eclipse.recommenders.completion.rcp - 2.4.5.v20161130-1427
2017-04-12 11:14:02,213 - org.eclipse.recommenders.constructors - 2.4.5.v20161130-1427
2017-04-12 11:14:02,214 - org.eclipse.recommenders.constructors.rcp - 2.4.5.v20161130-1427
2017-04-12 11:14:02,220 - org.eclipse.recommenders.coordinates - 2.4.5.v20161130-1427
2017-04-12 11:14:02,223 - org.eclipse.recommenders.coordinates.rcp - 2.4.5.v20161130-1427
2017-04-12 11:14:02,224 - org.eclipse.recommenders.injection - 2.4.5.v20161130-1427
2017-04-12 11:14:02,227 - org.eclipse.recommenders.jayes - 2.4.5.v20161130-1427
2017-04-12 11:14:02,229 - org.eclipse.recommenders.jayes.io - 2.4.5.v20161130-1427
2017-04-12 11:14:02,230 - org.eclipse.recommenders.jdt - 2.4.5.v20161130-1427
2017-04-12 11:14:02,234 - org.eclipse.recommenders.models - 2.4.5.v20161130-1427
2017-04-12 11:14:02,234 - org.eclipse.recommenders.models.rcp - 2.4.5.v20161130-1427
2017-04-12 11:14:02,235 - org.eclipse.recommenders.net - 2.4.5.v20161130-1427
2017-04-12 11:14:02,237 - org.eclipse.recommenders.overrides - 2.4.5.v20161130-1427
2017-04-12 11:14:02,241 - org.eclipse.recommenders.overrides.rcp - 2.4.5.v20161130-1427
2017-04-12 11:14:02,243 - org.eclipse.recommenders.subwords.rcp - 2.4.5.v20161130-1427
2017-04-12 11:14:02,249 - org.eclipse.recommenders.types.rcp - 2.4.5.v20161130-1427
2017-04-12 11:14:02,252 - org.eclipse.recommenders.utils - 2.4.5.v20161130-1427
2017-04-12 11:14:02,254 - org.eclipse.recommenders.utils.rcp - 2.4.5.v20161130-1427
2017-04-12 11:14:02,267 - org.eclipse.mylyn.commons.repositories.http.core - 1.13.0.v20160630-1702
2017-04-12 11:14:02,271 - org.eclipse.datatools.connectivity.oda.design.ui - 3.3.0.201603142002
2017-04-12 11:14:02,272 - org.eclipse.datatools.connectivity.ui.dse - 1.2.0.201603142002
2017-04-12 11:14:02,281 - org.eclipse.datatools.connectivity.ui - 1.3.0.201603142002
2017-04-12 11:14:02,286 - org.eclipse.datatools.connectivity.sqm.core - 1.3.0.201603142002
2017-04-12 11:14:02,288 - org.eclipse.datatools.help - 1.6.0.201603142002
2017-04-12 11:14:02,295 - org.eclipse.jdt - 3.12.2.v20161124-1400
2017-04-12 11:14:02,296 - org.eclipse.ant.ui - 3.6.201.v20161115-1135
2017-04-12 11:14:02,297 - org.eclipse.jdt.apt.core - 3.4.100.v20160525-0952
2017-04-12 11:14:02,311 - org.eclipse.jdt.apt.ui - 3.4.100.v20160418-1457
2017-04-12 11:14:02,320 - org.eclipse.jdt.apt.pluggable.core - 1.1.100.v20160418-1457
2017-04-12 11:14:02,321 - org.eclipse.jdt.compiler.apt - 1.2.100.v20160418-1457
2017-04-12 11:14:02,321 - org.eclipse.jdt.compiler.tool - 1.1.100.v20160418-1457
2017-04-12 11:14:02,322 - org.eclipse.jdt.core - 3.12.2.v20161117-1814
2017-04-12 11:14:02,324 - org.eclipse.jdt.annotation - 2.1.0.v20160418-1457
2017-04-12 11:14:02,324 - org.eclipse.jdt.annotation - 2.1.0.v20160418-1457
2017-04-12 11:14:02,324 - org.eclipse.jdt.core.manipulation - 1.7.0.v20160419-0705
2017-04-12 11:14:02,325 - org.eclipse.jdt.debug.ui - 3.7.201.v20160811-0450
2017-04-12 11:14:02,359 - org.eclipse.jdt.debug - 3.10.1.v20160811-0441
2017-04-12 11:14:02,360 - org.eclipse.jdt.junit - 3.9.0.v20160421-1701
2017-04-12 11:14:02,360 - org.eclipse.jdt.junit.core - 3.8.0.v20160421-1701
2017-04-12 11:14:02,363 - org.eclipse.jdt.junit.runtime - 3.4.600.v20160505-0715
2017-04-12 11:14:02,369 - org.eclipse.jdt.junit4.runtime - 1.1.600.v20160505-0715
2017-04-12 11:14:02,369 - org.eclipse.jdt.launching - 3.8.101.v20161111-2014
2017-04-12 11:14:02,370 - org.eclipse.jdt.ui - 3.12.2.v20160929-0804
2017-04-12 11:14:02,380 - org.junit - 4.12.0.v201504281640
2017-04-12 11:14:02,382 - org.hamcrest.core - 1.3.0.v201303031735
2017-04-12 11:14:02,400 - org.eclipse.jdt.doc.user - 3.12.1.v20160727-2009
2017-04-12 11:14:02,403 - org.eclipse.ant.launching - 1.1.201.v20161115-1135
2017-04-12 11:14:02,410 - org.eclipse.emf.common - 2.12.0.v20160420-0247
2017-04-12 11:14:02,424 - org.eclipse.sequoyah.vnc.vncviewer.vncviews - 2.1.0.N20120718-0509
2017-04-12 11:14:02,432 - org.eclipse.egit.mylyn.ui - 4.4.1.201607150455-r
2017-04-12 11:14:02,443 - org.eclipse.datatools.sqltools.common.ui - 1.1.0.201603142002
2017-04-12 11:14:02,446 - org.eclipse.datatools.sqltools.debugger.core - 1.1.0.201603142002
2017-04-12 11:14:02,450 - org.eclipse.datatools.sqltools.editor.core - 1.1.0.201603142002
2017-04-12 11:14:02,451 - org.eclipse.datatools.sqltools.plan - 1.1.0.201603142002
2017-04-12 11:14:02,453 - org.eclipse.datatools.sqltools.routineeditor - 1.1.0.201603142002
2017-04-12 11:14:02,456 - org.eclipse.datatools.sqltools.sql - 1.1.0.201603142002
2017-04-12 11:14:02,463 - org.eclipse.datatools.sqltools.sqleditor - 1.1.0.201603142002
2017-04-12 11:14:02,464 - org.eclipse.datatools.sqltools.sqlscrapbook - 1.1.0.201603142002
2017-04-12 11:14:02,464 - org.eclipse.datatools.help - 1.6.0.201603142002
2017-04-12 11:14:02,467 - org.eclipse.datatools.sqltools.db.generic - 1.1.0.201603142002
2017-04-12 11:14:02,470 - org.eclipse.datatools.sqltools.debugger.core.ui - 1.1.0.201603142002
2017-04-12 11:14:02,471 - org.eclipse.datatools.sqltools.editor.core.ui - 1.1.0.201603142002
2017-04-12 11:14:02,472 - org.eclipse.datatools.sqltools.result.ui - 1.2.0.201603142002
2017-04-12 11:14:02,476 - org.eclipse.datatools.sqltools.routineeditor.ui - 1.1.0.201603142002
2017-04-12 11:14:02,478 - org.eclipse.datatools.sqltools.sql.ui - 1.1.0.201603142002
2017-04-12 11:14:02,483 - org.objectweb.asm - 5.0.1.v201404251740
2017-04-12 11:14:02,483 - org.eclipse.andmore - 0.5.0.201605181018
2017-04-12 11:14:02,484 - org.eclipse.andmore.base - 0.5.0.201605181018
2017-04-12 11:14:02,484 - org.eclipse.andmore.ddms - 0.5.0.201605181018
2017-04-12 11:14:02,485 - org.eclipse.andmore.overlay - 0.5.0.201605181018
2017-04-12 11:14:02,491 - org.apache.commons.codec - 1.6.0.v201305230611
2017-04-12 11:14:02,501 - org.apache.commons.compress - 1.6.0.v201310281400
2017-04-12 11:14:02,503 - org.apache.httpcomponents.httpclient - 4.3.6.v201511171540
2017-04-12 11:14:02,512 - org.apache.httpcomponents.httpcore - 4.3.3.v201411290715
2017-04-12 11:14:02,526 - org.eclipse.datatools.modelbase.dbdefinition - 1.1.0.201603142002
2017-04-12 11:14:02,532 - org.eclipse.datatools.modelbase.sql.edit - 1.1.0.201603142002
2017-04-12 11:14:02,583 - org.eclipse.datatools.modelbase.sql.query - 1.2.0.201603142002
2017-04-12 11:14:02,597 - org.eclipse.datatools.modelbase.sql.query.edit - 1.1.0.201603142002
2017-04-12 11:14:02,607 - org.eclipse.datatools.modelbase.sql.xml.query - 1.1.0.201603142002
2017-04-12 11:14:02,607 - org.eclipse.datatools.modelbase.sql - 1.1.0.201603142002
2017-04-12 11:14:02,610 - org.eclipse.emf.mapping - 2.9.0.v20160526-0356
2017-04-12 11:14:02,613 - org.eclipse.oomph.setup.editor - 1.6.0.v20161125-1207
2017-04-12 11:14:02,614 - org.eclipse.oomph.setup.ui - 1.6.0.v20161128-0851
2017-04-12 11:14:02,630 - org.eclipse.oomph.setup.doc - 1.6.0.v20161019-0656
2017-04-12 11:14:02,640 - org.eclipse.oomph.setup.ui.questionnaire - 1.6.0.v20161019-0656
2017-04-12 11:14:02,644 - org.eclipse.oomph.jreinfo.ui - 1.6.0.v20161019-0656
2017-04-12 11:14:02,647 - org.eclipse.emf.ecore - 2.12.0.v20160420-0247
2017-04-12 11:14:02,649 - org.eclipse.emf.ecore.change - 2.11.0.v20160420-0247
2017-04-12 11:14:02,650 - org.eclipse.emf.ecore.xmi - 2.12.0.v20160420-0247
2017-04-12 11:14:02,660 - org.eclipse.jgit - 4.4.1.201607150455-r
2017-04-12 11:14:02,662 - org.eclipse.jgit.archive - 4.4.1.201607150455-r
2017-04-12 11:14:02,662 - com.jcraft.jsch - 0.1.53.v201508180515
2017-04-12 11:14:02,665 - javaewah - 0.7.9.v201605172130
2017-04-12 11:14:02,665 - org.apache.commons.compress - 1.6.0.v201310281400
2017-04-12 11:14:02,666 - org.slf4j.api - 1.7.2.v20121108-1250
2017-04-12 11:14:02,666 - org.slf4j.impl.log4j12 - 1.7.2.v20131105-2200
2017-04-12 11:14:02,674 - org.apache.log4j - 1.2.15.v201012070815
2017-04-12 11:14:02,678 - org.eclipse.mylyn.wikitext.core - 2.10.1.v20161129-1925
2017-04-12 11:14:02,680 - org.eclipse.mylyn.wikitext.core.ant - 2.10.1.v20161129-1925
2017-04-12 11:14:02,682 - org.eclipse.mylyn.wikitext.core.osgi - 2.10.1.v20161129-1925
2017-04-12 11:14:02,687 - org.eclipse.mylyn.wikitext.textile.core - 2.10.1.v20161129-1925
2017-04-12 11:14:02,689 - org.eclipse.mylyn.wikitext.html.core - 2.10.1.v20161129-1925
2017-04-12 11:14:02,691 - org.eclipse.mylyn.wikitext.markdown.core - 2.10.1.v20161129-1925
2017-04-12 11:14:02,696 - org.eclipse.mylyn.wikitext.mediawiki.core - 2.10.1.v20161129-1925
2017-04-12 11:14:02,711 - org.eclipse.mylyn.wikitext.mediawiki.core.ant - 2.10.1.v20161129-1925
2017-04-12 11:14:02,736 - org.eclipse.mylyn.wikitext.confluence.core - 2.10.1.v20161129-1925
2017-04-12 11:14:02,738 - org.eclipse.mylyn.wikitext.tracwiki.core - 2.10.1.v20161129-1925
2017-04-12 11:14:02,740 - org.eclipse.mylyn.wikitext.twiki.core - 2.10.1.v20161129-1925
2017-04-12 11:14:02,741 - org.eclipse.mylyn.wikitext.ui - 2.10.1.v20161129-1925
2017-04-12 11:14:02,743 - org.eclipse.mylyn.wikitext.help.ui - 2.10.1.v20161129-1925
2017-04-12 11:14:02,757 - org.eclipse.mylyn.wikitext.textile.ui - 2.10.1.v20161129-1925
2017-04-12 11:14:02,758 - org.eclipse.mylyn.wikitext.markdown.ui - 2.10.1.v20161129-1925
2017-04-12 11:14:02,759 - org.eclipse.mylyn.wikitext.mediawiki.ui - 2.10.1.v20161129-1925
2017-04-12 11:14:02,765 - org.eclipse.mylyn.wikitext.confluence.ui - 2.10.1.v20161129-1925
2017-04-12 11:14:02,770 - org.eclipse.mylyn.wikitext.tracwiki.ui - 2.10.1.v20161129-1925
2017-04-12 11:14:02,771 - org.eclipse.mylyn.wikitext.twiki.ui - 2.10.1.v20161129-1925
2017-04-12 11:14:02,783 - org.eclipse.mylyn.wikitext.tasks.ui - 2.10.1.v20161129-1925
2017-04-12 11:14:02,785 - org.eclipse.mylyn.wikitext.context.ui - 2.10.1.v20161129-1925
2017-04-12 11:14:02,789 - org.eclipse.mylyn.wikitext.asciidoc.core - 2.10.1.v20161129-1925
2017-04-12 11:14:02,790 - org.eclipse.mylyn.wikitext.asciidoc.ui - 2.10.1.v20161129-1925
2017-04-12 11:14:02,798 - org.eclipse.emf.mapping.ecore.editor - 2.6.0.v20160526-0356
2017-04-12 11:14:02,800 - org.eclipse.emf.mapping.ecore2ecore.editor - 2.7.0.v20160526-0356
2017-04-12 11:14:02,800 - org.eclipse.emf.mapping.ecore2xml.ui - 2.8.0.v20160526-0356
2017-04-12 11:14:02,804 - org.eclipse.recommenders.mylyn.rcp - 2.4.5.v20161130-1427
2017-04-12 11:14:02,902 - org.apache.ant - 1.9.6.v201510161327
2017-04-12 11:14:02,902 - org.eclipse.ant.core - 3.4.100.v20160505-0642
2017-04-12 11:14:02,902 - com.jcraft.jsch - 0.1.53.v201508180515
2017-04-12 11:14:02,902 - org.eclipse.compare.core - 3.6.0.v20160418-1534
2017-04-12 11:14:02,903 - org.eclipse.compare - 3.7.0.v20161024-1724
2017-04-12 11:14:02,903 - org.eclipse.core.filebuffers - 3.6.0.v20160503-1849
2017-04-12 11:14:02,904 - org.eclipse.core.filesystem - 1.6.1.v20161113-2349
2017-04-12 11:14:02,904 - org.eclipse.core.net - 1.3.0.v20160418-1534
2017-04-12 11:14:02,904 - org.eclipse.core.net.linux.x86_64 - 1.2.0.v20160323-1650
2017-04-12 11:14:02,904 - org.eclipse.core.resources - 3.11.1.v20161107-2032
2017-04-12 11:14:02,905 - org.eclipse.osgi.util - 3.3.100.v20150423-1351
2017-04-12 11:14:02,906 - org.eclipse.debug.core - 3.10.100.v20160419-1720
2017-04-12 11:14:02,907 - org.eclipse.debug.ui - 3.11.202.v20161114-0338
2017-04-12 11:14:02,908 - org.eclipse.equinox.event - 1.3.200.v20160324-1850
2017-04-12 11:14:02,909 - org.eclipse.ltk.core.refactoring - 3.7.0.v20160419-0705
2017-04-12 11:14:02,911 - org.eclipse.ltk.ui.refactoring - 3.8.0.v20160518-1817
2017-04-12 11:14:02,911 - org.eclipse.platform - 4.6.2.v20161124-1400
2017-04-12 11:14:02,928 - org.eclipse.platform.doc.user - 4.6.1.v20160727-2009
2017-04-12 11:14:02,929 - org.eclipse.search - 3.11.1.v20161113-1700
2017-04-12 11:14:02,929 - org.eclipse.team.core - 3.8.0.v20160418-1534
2017-04-12 11:14:02,929 - org.eclipse.team.ui - 3.8.0.v20160518-1906
2017-04-12 11:14:02,930 - org.eclipse.text - 3.6.0.v20160503-1849
2017-04-12 11:14:02,930 - org.eclipse.jface.text - 3.11.2.v20161113-1700
2017-04-12 11:14:02,931 - org.eclipse.jsch.core - 1.3.0.v20160422-1917
2017-04-12 11:14:02,934 - org.eclipse.jsch.ui - 1.3.0.v20160323-1650
2017-04-12 11:14:02,934 - org.eclipse.ui.console - 3.6.201.v20161107-0337
2017-04-12 11:14:02,940 - org.eclipse.ui.intro - 3.5.2.v20161116-1147
2017-04-12 11:14:02,941 - org.eclipse.ui.intro.universal - 3.3.1.v20160829-1558
2017-04-12 11:14:02,942 - org.eclipse.ui.cheatsheets - 3.5.0.v20160504-0839
2017-04-12 11:14:02,943 - org.eclipse.ui.browser - 3.5.2.v20161114-0210
2017-04-12 11:14:02,969 - org.eclipse.ui.monitoring - 1.1.1.v20161028-1850
2017-04-12 11:14:02,977 - org.eclipse.ui.navigator - 3.6.101.v20161006-1120
2017-04-12 11:14:02,978 - org.eclipse.ui.navigator.resources - 3.5.101.v20161006-0640
2017-04-12 11:14:02,978 - org.eclipse.ui.net - 1.3.0.v20160426-1633
2017-04-12 11:14:02,979 - org.eclipse.ui.workbench.texteditor - 3.10.1.v20160818-1626
2017-04-12 11:14:02,979 - org.eclipse.ui.views - 3.8.101.v20160816-1954
2017-04-12 11:14:02,979 - org.eclipse.ui.editors - 3.10.1.v20161106-1856
2017-04-12 11:14:02,980 - org.eclipse.ui.externaltools - 3.3.100.v20160518-1858
2017-04-12 11:14:02,980 - org.eclipse.ui.ide - 3.12.2.v20161115-1450
2017-04-12 11:14:02,981 - org.eclipse.ui.ide.application - 1.1.101.v20160829-0827
2017-04-12 11:14:02,981 - org.eclipse.core.filesystem.linux.x86_64 - 1.2.200.v20140124-1940
2017-04-12 11:14:02,982 - org.eclipse.core.variables - 3.3.0.v20160419-1720
2017-04-12 11:14:02,982 - org.eclipse.ui.forms - 3.7.0.v20160518-1929
2017-04-12 11:14:02,985 - org.eclipse.ui.views.properties.tabbed - 3.7.0.v20160310-0903
2017-04-12 11:14:02,985 - org.eclipse.equinox.security - 1.2.200.v20150715-1528
2017-04-12 11:14:02,988 - org.eclipse.equinox.security.ui - 1.1.300.v20150803-1225
2017-04-12 11:14:02,990 - org.eclipse.core.externaltools - 1.0.400.v20160509-1057
2017-04-12 11:14:02,996 - org.eclipse.ui.themes - 1.1.300.v20161107-1827
2017-04-12 11:14:02,997 - org.eclipse.core.runtime - 3.12.0.v20160606-1342
2017-04-12 11:14:02,998 - org.eclipse.ui.intro.quicklinks - 1.0.0.v20160515-0255
2017-04-12 11:14:03,016 - org.eclipse.mylyn.discovery.core - 3.21.0.v20160729-1739
2017-04-12 11:14:03,019 - org.eclipse.mylyn.discovery.ui - 3.21.0.v20160630-1702
2017-04-12 11:14:03,028 - org.eclipse.emf.ecore.edit - 2.9.0.v20160526-0356
2017-04-12 11:14:03,029 - org.eclipse.emf.ecore.change.edit - 2.6.0.v20160526-0356
2017-04-12 11:14:03,034 - org.eclipse.sequoyah.vnc.protocol - 2.1.0.N20120718-0509
2017-04-12 11:14:03,037 - org.eclipse.mylyn.versions.core - 1.13.0.v20160630-2022
2017-04-12 11:14:03,038 - org.eclipse.mylyn.versions.ui - 1.13.0.v20160630-2022
2017-04-12 11:14:03,042 - org.eclipse.emf.mapping.ecore - 2.6.0.v20160526-0356
2017-04-12 11:14:03,045 - org.eclipse.emf.mapping.ecore2ecore - 2.9.0.v20160526-0356
2017-04-12 11:14:03,046 - org.eclipse.emf.mapping.ecore2xml - 2.9.0.v20160526-0356
2017-04-12 11:14:03,050 - org.eclipse.andmore.traceview - 0.5.0.201605181018
2017-04-12 11:14:03,053 - org.eclipse.sequoyah.localization.android - 2.1.0.N20120718-0509
2017-04-12 11:14:03,057 - org.eclipse.sequoyah.localization.android.help - 2.1.1.N20120718-0509
2017-04-12 11:14:03,065 - org.eclipse.m2e.logback.configuration - 1.7.0.20160603-1933
2017-04-12 11:14:03,065 - org.eclipse.m2e.logback.appender - 1.7.0.20160603-1933
2017-04-12 11:14:03,068 - org.eclipse.emf.codegen - 2.11.0.v20160526-0356
2017-04-12 11:14:03,072 - org.eclipse.wst.dtd.ui - 1.0.801.v201308100602
2017-04-12 11:14:03,073 - org.eclipse.wst.dtd.ui.infopop - 1.0.400.v201309112106
2017-04-12 11:14:03,074 - org.eclipse.wst.sse.ui.infopop - 1.0.300.v201309112106
2017-04-12 11:14:03,077 - org.eclipse.wst.xml.ui.infopop - 1.0.400.v201309112106
2017-04-12 11:14:03,078 - org.eclipse.wst.sse.ui - 1.3.500.v201605120129
2017-04-12 11:14:03,078 - org.eclipse.wst.xml.ui - 1.1.700.v201604272318
2017-04-12 11:14:03,081 - org.eclipse.wst.xsd.ui - 1.2.600.v201511240159
2017-04-12 11:14:03,085 - org.eclipse.emf - 2.6.0.v20160526-0356
2017-04-12 11:14:03,090 - org.eclipse.datatools.doc.user - 1.7.0.20090521092446
2017-04-12 11:14:03,092 - org.eclipse.datatools.oda.cshelp - 1.2.0.201603142002
2017-04-12 11:14:03,092 - org.eclipse.datatools.help - 1.6.0.201603142002
2017-04-12 11:14:03,099 - org.eclipse.mylyn.tasks.bugs - 3.21.0.v20160929-1805
2017-04-12 11:14:03,107 - org.eclipse.mylyn.help.ui - 3.21.0.v20160913-2013
2017-04-12 11:14:03,126 - org.eclipse.draw2d - 3.10.100.201606061308
2017-04-12 11:14:03,130 - org.eclipse.emf.edit - 2.12.0.v20160526-0356
2017-04-12 11:14:03,135 - org.eclipse.mylyn.commons.core - 3.21.0.v20160707-1856
2017-04-12 11:14:03,137 - org.eclipse.mylyn.commons.screenshots - 3.21.0.v20160630-1702
2017-04-12 11:14:03,138 - org.eclipse.mylyn.commons.ui - 3.21.0.v20160630-1702
2017-04-12 11:14:03,138 - org.eclipse.mylyn.commons.workbench - 3.21.0.v20160630-1702
2017-04-12 11:14:03,187 - org.eclipse.mylyn.bugzilla.ide - 3.21.0.v20160912-1820
2017-04-12 11:14:03,191 - org.eclipse.mylyn.ide.ui - 3.21.0.v20160701-1337
2017-04-12 11:14:03,196 - org.eclipse.emf.databinding.edit - 1.3.0.v20160526-0356
2017-04-12 11:14:03,202 - org.eclipse.emf.codegen.ecore - 2.12.0.v20160526-0356
2017-04-12 11:14:03,203 - org.eclipse.emf.ant - 2.8.0.v20160526-0356
2017-04-12 11:14:03,209 - org.eclipse.m2e.archetype.common - 1.7.0.20160603-1931
2017-04-12 11:14:03,216 - org.eclipse.m2e.maven.indexer - 1.7.0.20160603-1931
2017-04-12 11:14:03,222 - org.eclipse.m2e.model.edit - 1.7.0.20160603-1933
2017-04-12 11:14:03,222 - org.eclipse.m2e.core - 1.7.0.20160603-1933
2017-04-12 11:14:03,227 - org.eclipse.m2e.launching - 1.7.0.20160603-1933
2017-04-12 11:14:03,228 - org.eclipse.m2e.workspace.cli - 0.3.1
2017-04-12 11:14:03,228 - org.eclipse.m2e.jdt - 1.7.0.20160603-1933
2017-04-12 11:14:03,235 - org.eclipse.m2e.editor - 1.7.0.20160603-1933
2017-04-12 11:14:03,235 - org.eclipse.m2e.editor.xml - 1.7.0.20160603-1933
2017-04-12 11:14:03,237 - org.eclipse.m2e.maven.runtime - 1.7.0.20160603-1931
2017-04-12 11:14:03,241 - org.eclipse.m2e.maven.runtime.slf4j.simple - 1.7.0.20160603-1931
2017-04-12 11:14:03,242 - org.eclipse.m2e.refactoring - 1.7.0.20160603-1933
2017-04-12 11:14:03,243 - org.eclipse.m2e.lifecyclemapping.defaults - 1.7.0.20160603-1933
2017-04-12 11:14:03,245 - org.eclipse.m2e.discovery - 1.7.0.20160603-1933
2017-04-12 11:14:03,246 - org.eclipse.m2e.core.ui - 1.7.0.20160603-1933
2017-04-12 11:14:03,248 - org.eclipse.m2e.scm - 1.7.0.20160603-1933
2017-04-12 11:14:03,248 - org.eclipse.m2e.jdt.ui - 1.7.0.20160603-1933
2017-04-12 11:14:03,250 - org.eclipse.m2e.profiles.core - 1.7.0.20160603-1933
2017-04-12 11:14:03,252 - org.eclipse.m2e.profiles.ui - 1.7.0.20160603-1933
2017-04-12 11:14:03,253 - org.eclipse.m2e.importer - 1.7.0.20160603-1933
2017-04-12 11:14:03,257 - org.eclipse.andmore.ndk - 0.5.0.201605181018
2017-04-12 11:14:03,261 - org.eclipse.andmore.gldebugger - 0.5.0.201605181018
2017-04-12 11:14:03,267 - org.eclipse.mylyn.hudson.core - 1.13.0.v20160806-1446
2017-04-12 11:14:03,269 - org.eclipse.mylyn.hudson.ui - 1.13.0.v20160704-1634
2017-04-12 11:14:03,279 - org.eclipse.epp.mpc.core - 1.5.3.v20161116-1851
2017-04-12 11:14:03,279 - org.eclipse.epp.mpc.ui - 1.5.3.v20161116-1851
2017-04-12 11:14:03,297 - org.eclipse.epp.mpc.help.ui - 1.5.3.v20161116-1851
2017-04-12 11:14:03,297 - org.apache.httpcomponents.httpclient - 4.3.6.v201511171540
2017-04-12 11:14:03,297 - org.apache.httpcomponents.httpcore - 4.3.3.v201411290715
2017-04-12 11:14:03,304 - org.eclipse.mylyn.git.core - 1.13.0.v20160630-2022
2017-04-12 11:14:03,306 - org.eclipse.mylyn.git.ui - 1.13.0.v20160630-2022
2017-04-12 11:14:03,318 - org.eclipse.datatools.connectivity.oda.consumer - 3.3.0.201603142002
2017-04-12 11:14:03,324 - org.eclipse.datatools.connectivity.oda.design - 3.4.0.201603142002
2017-04-12 11:14:03,326 - org.eclipse.datatools.connectivity.oda.profile - 3.3.0.201603142002
2017-04-12 11:14:03,326 - org.eclipse.datatools.connectivity.oda - 3.5.0.201603142002
2017-04-12 11:14:03,326 - org.eclipse.datatools.connectivity - 1.13.0.201603142002
2017-04-12 11:14:03,329 - org.eclipse.andmore.android.certmanager - 0.5.0.201605181018
2017-04-12 11:14:03,340 - org.eclipse.recommenders.snipmatch - 2.4.5.v20161130-1427
2017-04-12 11:14:03,340 - org.eclipse.recommenders.snipmatch.rcp - 2.4.5.v20161130-1427
2017-04-12 11:14:03,343 - org.eclipse.cdt.gdb - 7.0.0.201606062011
2017-04-12 11:14:03,344 - org.eclipse.cdt.gdb.ui - 7.0.0.201606062011
2017-04-12 11:14:03,348 - org.eclipse.pde - 3.12.2.v20161124-1400
2017-04-12 11:14:03,358 - org.eclipse.pde.build - 3.9.200.v20160204-0642
2017-04-12 11:14:03,359 - org.eclipse.pde.core - 3.11.1.v20161115-1951
2017-04-12 11:14:03,361 - org.eclipse.pde.junit.runtime - 3.5.0.v20151013-0625
2017-04-12 11:14:03,362 - org.eclipse.pde.runtime - 3.5.0.v20160418-1724
2017-04-12 11:14:03,363 - org.eclipse.pde.ui - 3.9.100.v20161102-0517
2017-04-12 11:14:03,380 - org.eclipse.pde.doc.user - 3.12.2.v20161123-1159
2017-04-12 11:14:03,390 - org.eclipse.pde.ui.templates - 3.6.0.v20160424-1948
2017-04-12 11:14:03,391 - org.eclipse.ui.views.log - 1.2.1.v20160829-0826
2017-04-12 11:14:03,391 - org.objectweb.asm - 5.0.1.v201404251740
2017-04-12 11:14:03,395 - org.objectweb.asm.tree - 5.0.1.v201404251740
2017-04-12 11:14:03,409 - org.eclipse.pde.api.tools - 1.1.2.v20161115-0549
2017-04-12 11:14:03,410 - org.eclipse.pde.api.tools.annotations - 1.0.100.v20160418-1724
2017-04-12 11:14:03,410 - org.eclipse.pde.api.tools.ui - 1.1.0.v20160519-0701
2017-04-12 11:14:03,413 - org.eclipse.pde.ds.core - 1.1.0.v20151201-1325
2017-04-12 11:14:03,417 - org.eclipse.pde.ds.ui - 1.1.0.v20160518-1843
2017-04-12 11:14:03,417 - org.eclipse.pde.launching - 3.6.401.v20161115-0549
2017-04-12 11:14:03,420 - org.eclipse.pde.ua.core - 1.0.500.v20160204-0642
2017-04-12 11:14:03,428 - org.eclipse.pde.ua.ui - 1.1.0.v20160518-1843
2017-04-12 11:14:03,428 - org.eclipse.ui.trace - 1.0.400.v20160509-1055
2017-04-12 11:14:03,428 - org.eclipse.pde.ds.annotations - 1.0.0.v20160525-1437
2017-04-12 11:14:03,432 - org.eclipse.sequoyah.localization.tools - 2.1.0.N20120718-0509
2017-04-12 11:14:03,435 - org.eclipse.sequoyah.localization.editor - 2.1.0.N20120718-0509
2017-04-12 11:14:03,446 - net.sourceforge.lpg.lpgjavaruntime - 1.1.0.v201004271650
2017-04-12 11:14:03,484 - org.eclipse.datatools.sqltools.parsers.sql.lexer - 1.1.0.201603142002
2017-04-12 11:14:03,489 - org.eclipse.datatools.sqltools.parsers.sql.query - 1.3.0.201603142002
2017-04-12 11:14:03,494 - org.eclipse.datatools.sqltools.parsers.sql.xml.query - 1.1.0.201603142002
2017-04-12 11:14:03,494 - org.eclipse.datatools.sqltools.parsers.sql - 1.1.0.201603142002
2017-04-12 11:14:03,497 - org.eclipse.mylyn.java.ui - 3.21.0.v20160701-1337
2017-04-12 11:14:03,498 - org.eclipse.mylyn.java.tasks - 3.21.0.v20160701-1337
2017-04-12 11:14:03,498 - org.eclipse.mylyn.ide.ui - 3.21.0.v20160701-1337
2017-04-12 11:14:03,500 - org.eclipse.mylyn.ide.ant - 3.21.0.v20160701-1337
2017-04-12 11:14:03,501 - org.eclipse.mylyn.debug.ui - 3.21.0.v20160701-1337
2017-04-12 11:14:03,508 - org.eclipse.mylyn.team.ui - 3.21.0.v20160701-1337
2017-04-12 11:14:03,511 - org.eclipse.datatools.sqltools.sql - 1.1.0.201603142002
2017-04-12 11:14:03,511 - org.eclipse.datatools.sqltools.common.ui - 1.1.0.201603142002
2017-04-12 11:14:03,511 - org.eclipse.datatools.sqltools.plan - 1.1.0.201603142002
2017-04-12 11:14:03,511 - org.eclipse.datatools.sqltools.editor.core - 1.1.0.201603142002
2017-04-12 11:14:03,511 - org.eclipse.datatools.sqltools.sqleditor - 1.1.0.201603142002
2017-04-12 11:14:03,511 - org.eclipse.datatools.sqltools.ddlgen.ui - 1.1.0.201603142002
2017-04-12 11:14:03,512 - org.eclipse.datatools.connectivity.db.generic - 1.1.0.201603142002
2017-04-12 11:14:03,512 - org.eclipse.datatools.sqltools.editor.core.ui - 1.1.0.201603142002
2017-04-12 11:14:03,512 - org.eclipse.datatools.sqltools.sql.ui - 1.1.0.201603142002
2017-04-12 11:14:03,526 - org.eclipse.emf.common.ui - 2.11.0.v20160526-0356
2017-04-12 11:14:03,532 - org.eclipse.mylyn.commons.repositories.core - 1.13.0.v20160630-1702
2017-04-12 11:14:03,533 - org.eclipse.mylyn.commons.repositories.ui - 1.13.0.v20160630-1702
2017-04-12 11:14:03,537 - org.eclipse.sequoyah.device.common.utilities - 2.1.0.N20120718-0509
2017-04-12 11:14:03,542 - org.eclipse.andmore.android.common - 0.5.0.201605181018
2017-04-12 11:14:03,543 - org.eclipse.andmore.android.codeutils - 0.5.0.201605181018
2017-04-12 11:14:03,545 - org.eclipse.andmore.android.translation - 0.5.0.201605181018
2017-04-12 11:14:03,547 - org.eclipse.andmore.android.codesnippets - 0.5.0.201605181018
2017-04-12 11:14:03,548 - org.eclipse.andmore.android.db.core - 0.5.0.201605181018
2017-04-12 11:14:03,548 - org.eclipse.andmore.android.logger - 0.5.0.201605181018
2017-04-12 11:14:03,551 - org.eclipse.andmore.android - 0.5.0.201605181018
2017-04-12 11:14:03,552 - org.eclipse.andmore.android.emulator - 0.5.0.201605181018
2017-04-12 11:14:03,555 - org.eclipse.andmore.android.launch - 0.5.0.201605181018
2017-04-12 11:14:03,556 - org.eclipse.andmore.android.packaging.ui - 0.5.0.201605181018
2017-04-12 11:14:03,557 - org.eclipse.andmore.android.handset - 0.5.0.201605181018
2017-04-12 11:14:03,558 - org.eclipse.andmore.android.remote - 0.5.0.201605181018
2017-04-12 11:14:03,558 - org.eclipse.andmore.android.linux.x86_64 - 0.5.0.201605181018
2017-04-12 11:14:03,559 - org.eclipse.andmore.android.mat - 0.5.0.201605181018
2017-04-12 11:14:03,559 - org.eclipse.andmore.android.devices.services - 0.5.0.201605181018
2017-04-12 11:14:03,562 - org.eclipse.andmore.android.db.devices - 0.5.0.201605181018
2017-04-12 11:14:03,566 - org.eclipse.andmore.android.installer - 0.5.0.201605181018
2017-04-12 11:14:03,571 - org.eclipse.andmore.android.logger.collector - 0.5.0.201605181018
2017-04-12 11:14:03,575 - org.eclipse.emf.mapping.ui - 2.7.0.v20160526-0356
2017-04-12 11:14:03,579 - org.eclipse.mylyn.monitor.core - 3.21.0.v20160630-1702
2017-04-12 11:14:03,579 - org.eclipse.mylyn.monitor.ui - 3.21.0.v20160630-1702
2017-04-12 11:14:03,585 - org.eclipse.datatools.connectivity.oda.template.ui - 3.3.0.201603142002
2017-04-12 11:14:03,588 - org.eclipse.sequoyah.vnc.vncviewer - 2.1.0.N20120718-0509
2017-04-12 11:14:03,591 - org.eclipse.emf.codegen.ecore.ui - 2.12.0.v20160526-0356
2017-04-12 11:14:03,594 - org.eclipse.emf.ecore.editor - 2.12.0.v20160526-0356
2017-04-12 11:14:03,597 - org.eclipse.epp.package.android - 4.6.2.20161208-0625
2017-04-12 11:14:03,600 - org.eclipse.mylyn.builds.core - 1.13.0.v20160704-1634
2017-04-12 11:14:03,601 - org.eclipse.mylyn.builds.ui - 1.13.0.v20160725-1817
2017-04-12 11:14:03,607 - org.eclipse.mylyn.context.core - 3.21.0.v20160701-1337
2017-04-12 11:14:03,608 - org.eclipse.mylyn.context.ui - 3.21.0.v20160701-1337
2017-04-12 11:14:03,612 - org.eclipse.mylyn.resources.ui - 3.21.0.v20160701-1337
2017-04-12 11:14:03,612 - org.eclipse.mylyn.context.tasks.ui - 3.21.0.v20160815-2336
2017-04-12 11:14:03,616 - org.eclipse.emf.databinding - 1.3.0.v20160526-0356
2017-04-12 11:14:03,620 - org.eclipse.datatools.connectivity.sqm.core.ui - 1.3.0.201603142002
2017-04-12 11:14:03,620 - org.eclipse.datatools.connectivity.sqm.core - 1.3.0.201603142002
2017-04-12 11:14:03,625 - org.eclipse.datatools.connectivity.sqm.server.ui - 1.2.0.201603142002
2017-04-12 11:14:03,625 - org.eclipse.datatools.connectivity.ui.dse - 1.2.0.201603142002
2017-04-12 11:14:03,625 - org.eclipse.datatools.connectivity.ui - 1.3.0.201603142002
2017-04-12 11:14:03,625 - org.eclipse.datatools.connectivity - 1.13.0.201603142002
2017-04-12 11:14:03,625 - org.eclipse.datatools.help - 1.6.0.201603142002
2017-04-12 11:14:03,627 - org.eclipse.datatools.connectivity.console.profile - 1.1.0.201603142002
2017-04-12 11:14:03,630 - org.eclipse.oomph.setup - 1.6.0.v20161125-0947
2017-04-12 11:14:03,631 - org.eclipse.oomph.setup.edit - 1.6.0.v20161125-0947
2017-04-12 11:14:03,631 - org.eclipse.oomph.setup.core - 1.6.0.v20161128-0928
2017-04-12 11:14:03,631 - org.eclipse.oomph.setup.sync - 1.6.0.v20161019-0656
2017-04-12 11:14:03,633 - org.eclipse.oomph.setup.p2 - 1.6.0.v20161019-0656
2017-04-12 11:14:03,634 - org.eclipse.oomph.setup.p2.edit - 1.6.0.v20161019-0656
2017-04-12 11:14:03,634 - org.eclipse.oomph.preferences - 1.6.0.v20161019-0656
2017-04-12 11:14:03,637 - org.eclipse.oomph.jreinfo - 1.6.0.v20161019-0656
2017-04-12 11:14:03,638 - org.eclipse.oomph.extractor.lib - 1.3.0.v20161116-0647
2017-04-12 11:14:03,638 - org.apache.commons.logging - 1.1.1.v201101211721
2017-04-12 11:14:03,638 - org.apache.commons.codec - 1.6.0.v201305230611
2017-04-12 11:14:03,638 - org.apache.httpcomponents.httpclient - 4.3.6.v201511171540
2017-04-12 11:14:03,638 - org.apache.httpcomponents.httpcore - 4.3.3.v201411290715
2017-04-12 11:14:03,641 - org.eclipse.userstorage - 1.0.0.v20160524-0709
2017-04-12 11:14:03,643 - org.eclipse.userstorage.ui - 1.0.0.v20151216-0912
