2017-04-12 11:14:03,644 [Worker-3] DEBUG class java.lang.Class - Starting Andmore Common Plugin...
2017-04-12 11:14:03,644 [Worker-3] DEBUG class java.lang.Class - Andmore Common Plugin started.
2017-04-12 11:14:03,644 [Worker-3] DEBUG class java.lang.Class - Starting Andmore Plugin...
2017-04-12 11:14:03,655 [Worker-3] DEBUG class java.lang.Class - Andmore Plugin started.
2017-04-12 11:14:03,672 [Worker-3] DEBUG class java.lang.Class - Starting Andmore Emulator Plugin...
2017-04-12 11:14:03,768 [Worker-3] DEBUG class java.lang.Class - Andmore Emulator Plugin started.
2017-04-12 11:14:03,830 [Worker-3] DEBUG class java.lang.Class - Starting Andmore Device Services Plugin...
2017-04-12 11:14:03,830 [Worker-3] DEBUG class java.lang.Class - Andmore Device Services Plugin started.
2017-04-12 11:14:03,844 [Worker-3] DEBUG class java.lang.Class - Starting Andmore Handset Plugin...
2017-04-12 11:14:03,844 [Worker-3] DEBUG class java.lang.Class - Andmore Handset Plugin started.
2017-04-12 11:14:03,847 [Worker-3] DEBUG class java.lang.Class - Starting Andmore Remote Device Plugin...
2017-04-12 11:14:03,855 [Worker-3] DEBUG class java.lang.Class - Starting Andmore Remote Device Plugin started.
2017-04-12 11:14:03,868 [Worker-3] ERROR Studio for Android - Handler could not be instanced(PLUGIN=org.eclipse.sequoyah.device.framework;ERROR=202)
2017-04-12 11:14:03,868 [Worker-3] ERROR Studio for Android - Handler could not be instanced(PLUGIN=org.eclipse.sequoyah.device.framework;ERROR=202)
2017-04-12 11:14:03,868 [Worker-3] ERROR Studio for Android - Handler could not be instanced(PLUGIN=org.eclipse.sequoyah.device.framework;ERROR=202)
2017-04-12 11:14:03,868 [Worker-3] ERROR Studio for Android - Handler could not be instanced(PLUGIN=org.eclipse.sequoyah.device.framework;ERROR=202)
2017-04-12 11:14:03,868 [Worker-3] ERROR Studio for Android - Handler could not be instanced(PLUGIN=org.eclipse.sequoyah.device.framework;ERROR=202)
2017-04-12 11:14:03,868 [Worker-3] ERROR Studio for Android - Handler could not be instanced(PLUGIN=org.eclipse.sequoyah.device.framework;ERROR=202)
2017-04-12 11:14:03,868 [Worker-3] ERROR Studio for Android - Handler could not be instanced(PLUGIN=org.eclipse.sequoyah.device.framework;ERROR=202)
2017-04-12 11:14:03,868 [Worker-3] ERROR Studio for Android - Handler could not be instanced(PLUGIN=org.eclipse.sequoyah.device.framework;ERROR=202)
2017-04-12 11:14:03,869 [Worker-3] ERROR Studio for Android - Handler could not be instanced(PLUGIN=org.eclipse.sequoyah.device.framework;ERROR=202)
2017-04-12 11:14:03,869 [Worker-3] ERROR Studio for Android - Handler could not be instanced(PLUGIN=org.eclipse.sequoyah.device.framework;ERROR=202)
2017-04-12 11:14:03,869 [Worker-3] ERROR Studio for Android - Handler could not be instanced(PLUGIN=org.eclipse.sequoyah.device.framework;ERROR=202)
2017-04-12 11:14:03,869 [Worker-3] ERROR Studio for Android - Handler could not be instanced(PLUGIN=org.eclipse.sequoyah.device.framework;ERROR=202)
2017-04-12 11:14:03,869 [Worker-3] ERROR Studio for Android - Handler could not be instanced(PLUGIN=org.eclipse.sequoyah.device.framework;ERROR=202)
2017-04-12 11:14:03,869 [Worker-3] ERROR Studio for Android - Handler could not be instanced(PLUGIN=org.eclipse.sequoyah.device.framework;ERROR=202)
2017-04-12 11:14:03,869 [Worker-3] ERROR Studio for Android - Handler could not be instanced(PLUGIN=org.eclipse.sequoyah.device.framework;ERROR=202)
2017-04-12 11:14:03,869 [Worker-3] ERROR Studio for Android - Handler could not be instanced(PLUGIN=org.eclipse.sequoyah.device.framework;ERROR=202)
2017-04-12 11:14:03,869 [Worker-3] ERROR Studio for Android - Handler could not be instanced(PLUGIN=org.eclipse.sequoyah.device.framework;ERROR=202)
2017-04-12 11:14:03,869 [Worker-3] ERROR Studio for Android - Handler could not be instanced(PLUGIN=org.eclipse.sequoyah.device.framework;ERROR=202)
2017-04-12 11:14:03,869 [Worker-3] ERROR Studio for Android - Handler could not be instanced(PLUGIN=org.eclipse.sequoyah.device.framework;ERROR=202)
2017-04-12 11:14:03,869 [Worker-3] ERROR Studio for Android - Handler could not be instanced(PLUGIN=org.eclipse.sequoyah.device.framework;ERROR=202)
2017-04-12 11:14:03,869 [Worker-3] ERROR Studio for Android - Handler could not be instanced(PLUGIN=org.eclipse.sequoyah.device.framework;ERROR=202)
2017-04-12 11:14:03,869 [Worker-3] ERROR Studio for Android - Handler could not be instanced(PLUGIN=org.eclipse.sequoyah.device.framework;ERROR=202)
2017-04-12 11:14:03,869 [Worker-3] ERROR Studio for Android - Handler could not be instanced(PLUGIN=org.eclipse.sequoyah.device.framework;ERROR=202)
2017-04-12 11:14:03,869 [Worker-3] ERROR Studio for Android - Handler could not be instanced(PLUGIN=org.eclipse.sequoyah.device.framework;ERROR=202)
2017-04-12 11:14:03,869 [Worker-3] ERROR Studio for Android - Handler could not be instanced(PLUGIN=org.eclipse.sequoyah.device.framework;ERROR=202)
2017-04-12 11:14:03,869 [Worker-3] ERROR Studio for Android - Handler could not be instanced(PLUGIN=org.eclipse.sequoyah.device.framework;ERROR=202)
2017-04-12 11:14:03,875 [Worker-3] ERROR Studio for Android - Handler could not be instanced(PLUGIN=org.eclipse.sequoyah.device.framework;ERROR=202)
2017-04-12 11:14:03,875 [Worker-3] ERROR Studio for Android - Handler could not be instanced(PLUGIN=org.eclipse.sequoyah.device.framework;ERROR=202)
2017-04-12 11:14:03,875 [Worker-3] ERROR Studio for Android - Handler could not be instanced(PLUGIN=org.eclipse.sequoyah.device.framework;ERROR=202)
2017-04-12 11:14:03,875 [Worker-3] ERROR Studio for Android - Handler could not be instanced(PLUGIN=org.eclipse.sequoyah.device.framework;ERROR=202)
2017-04-12 11:14:03,875 [Worker-3] INFO  Studio for Android - [Status: id=org.eclipse.andmore.android.emulator.status.offline;name=Offline]
2017-04-12 11:14:03,875 [Worker-3] INFO  Studio for Android - [Status: id=org.eclipse.andmore.android.handset.status.handsetonline;name=Online]
2017-04-12 11:14:03,875 [Worker-3] INFO  Studio for Android - [Status: id=INACTIVE;name=INACTIVE]
2017-04-12 11:14:03,875 [Worker-3] INFO  Studio for Android - [Status: id=org.eclipse.andmore.android.emulator.status.notavailable;name=Not available]
2017-04-12 11:14:03,875 [Worker-3] INFO  Studio for Android - [Status: id=IDLE;name=IDLE]
2017-04-12 11:14:03,875 [Worker-3] INFO  Studio for Android - [Status: id=org.eclipse.andmore.android.remote.status.connected;name=Connected]
2017-04-12 11:14:03,875 [Worker-3] INFO  Studio for Android - [Status: id=org.eclipse.andmore.android.remote.status.disconnected;name=Disconnected]
2017-04-12 11:14:03,875 [Worker-3] INFO  Studio for Android - [Status: id=org.eclipse.andmore.android.emulator.status.online;name=Online]
2017-04-12 11:14:03,875 [Worker-3] INFO  Studio for Android - [Status: id=OFF;name=OFF]
2017-04-12 11:14:03,875 [Worker-3] INFO  Studio for Android - [Status: id=org.eclipse.andmore.android.emulator.status.offlineNoData;name=Offline (no user data)]
